<?xml version="1.0" encoding="UTF-8"?>
<testsuite xmlns:xsi="http://www.w3.org/2001/XMLSchema-instance" xsi:noNamespaceSchemaLocation="https://maven.apache.org/surefire/maven-surefire-plugin/xsd/surefire-test-report.xsd" name="it.polimi.ingsw.model.warehouse.WarehouseTest" time="0.026" tests="12" errors="0" skipped="0" failures="0">
  <properties>
[...]
</properties>
  <testcase name="OverFillOneSlot" classname="it.polimi.ingsw.model.warehouse.WarehouseTest" time="0.006"/>
  <testcase name="fillWarehouseInOrder" classname="it.polimi.ingsw.model.warehouse.WarehouseTest" time="0.003"/>
  <testcase name="addExtraInventory" classname="it.polimi.ingsw.model.warehouse.WarehouseTest" time="0"/>
  <testcase name="RemoveAllResources" classname="it.polimi.ingsw.model.warehouse.WarehouseTest" time="0.001"/>
  <testcase name="noSlotsForAnotherType" classname="it.polimi.ingsw.model.warehouse.WarehouseTest" time="0.002"/>
  <testcase name="RemoveResourceNotPresent" classname="it.polimi.ingsw.model.warehouse.WarehouseTest" time="0.004"/>
  <testcase name="addOneResource" classname="it.polimi.ingsw.model.warehouse.WarehouseTest" time="0"/>
  <testcase name="fillWarehouseWithSwaps" classname="it.polimi.ingsw.model.warehouse.WarehouseTest" time="0"/>
  <testcase name="OverfillExtraSlotWithNoFreeSlots" classname="it.polimi.ingsw.model.warehouse.WarehouseTest" time="0.002"/>
  <testcase name="overFillExtraSlotWithFreeSlots" classname="it.polimi.ingsw.model.warehouse.WarehouseTest" time="0.002"/>
  <testcase name="cannotSwapLasTwoSlots" classname="it.polimi.ingsw.model.warehouse.WarehouseTest" time="0.003"/>
  <testcase name="RemoveMoreResourcesThanAllowed" classname="it.polimi.ingsw.model.warehouse.WarehouseTest" time="0"/>
</testsuite>